Using pre-set license
Built from '2020.3/release' branch; Version is '2020.3.2f1 (8fd9074bf66c) revision 9427207'; Using compiler version '192528614'; Build Type 'Release'
OS: 'Windows 10 Education; OS build 19041.985; Version 2004; 64bit' Language: 'pl' Physical Memory: 16238 MB
BatchMode: 1, IsHumanControllingUs: 0, StartBugReporterOnCrash: 0, Is64bit: 1, IsPro: 0

 COMMAND LINE ARGUMENTS:
D:\Programy\Unity\2020.3.2f1\Editor\Unity.exe
-adb2
-batchMode
-noUpm
-name
AssetImportWorker0
-projectPath
D:/Projekty/Unity/VE2021
-logFile
Logs/AssetImportWorker0.log
-srvPort
49902
Successfully changed project path to: D:/Projekty/Unity/VE2021
D:/Projekty/Unity/VE2021
Using Asset Import Pipeline V2.
Refreshing native plugins compatible for Editor in 82.37 ms, found 18 plugins.
Preloading 2 native plugins for Editor in 1.57 ms.
Initialize engine version: 2020.3.2f1 (8fd9074bf66c)
[Subsystems] Discovering subsystems at path D:/Programy/Unity/2020.3.2f1/Editor/Data/Resources/UnitySubsystems
[Subsystems] Discovering subsystems at path D:/Projekty/Unity/VE2021/Assets
GfxDevice: creating device client; threaded=0
Direct3D:
    Version:  Direct3D 11.0 [level 11.1]
    Renderer: NVIDIA GeForce GTX 1060 (ID=0x1c20)
    Vendor:   
    VRAM:     6052 MB
    Driver:   27.21.14.5182
Initialize mono
Mono path[0] = 'D:/Programy/Unity/2020.3.2f1/Editor/Data/Managed'
Mono path[1] = 'D:/Programy/Unity/2020.3.2f1/Editor/Data/MonoBleedingEdge/lib/mono/unityjit'
Mono config path = 'D:/Programy/Unity/2020.3.2f1/Editor/Data/MonoBleedingEdge/etc'
Using monoOptions --debugger-agent=transport=dt_socket,embedding=1,server=y,suspend=n,address=127.0.0.1:56132
Begin MonoManager ReloadAssembly
Registering precompiled unity dll's ...
Register platform support module: D:/Programy/Unity/2020.3.2f1/Editor/Data/PlaybackEngines/WindowsStandaloneSupport/UnityEditor.WindowsStandalone.Extensions.dll
Registered in 0.001012 seconds.
Native extension for WindowsStandalone target not found
Refreshing native plugins compatible for Editor in 43.99 ms, found 18 plugins.
Preloading 2 native plugins for Editor in 0.11 ms.
Invoked RoslynAnalysisRunner static constructor.
RoslynAnalysisRunner will not be running.
RoslynAnalysisRunner has terminated.
Mono: successfully reloaded assembly
- Completed reload, in  2.115 seconds
Platform modules already initialized, skipping
Registering precompiled user dll's ...
Registered in 0.005231 seconds.
Begin MonoManager ReloadAssembly
PackageInfo()
UnityEngine.StackTraceUtility:ExtractStackTrace ()
UnityEngine.DebugLogHandler:LogFormat (UnityEngine.LogType,UnityEngine.Object,string,object[])
UnityEngine.Logger:Log (UnityEngine.LogType,object)
UnityEngine.Debug:Log (object)
Wave.Essence.Editor.PackageInfo:.cctor () (at Library/PackageCache/com.htc.upm.wave.essence@4.0.0-r.28/Editor/EssenceSettingsProvider.cs:666)
System.Reflection.MonoCMethod:InternalInvoke (object,object[])
System.RuntimeType:CreateInstanceMono (bool)
System.RuntimeType:CreateInstanceSlow (bool,bool,bool,System.Threading.StackCrawlMark&)
System.RuntimeType:CreateInstanceDefaultCtor (bool,bool,bool,System.Threading.StackCrawlMark&)
System.Activator:CreateInstance (System.Type,bool)
System.Activator:CreateInstance (System.Type)
UnityEditor.AssetPostprocessingInternal:GetMeshProcessorsHashString ()

(Filename: Library/PackageCache/com.htc.upm.wave.essence@4.0.0-r.28/Editor/EssenceSettingsProvider.cs Line: 666)

Native extension for WindowsStandalone target not found
Refreshing native plugins compatible for Editor in 43.82 ms, found 18 plugins.
Preloading 2 native plugins for Editor in 0.09 ms.
Invoked RoslynAnalysisRunner static constructor.
RoslynAnalysisRunner will not be running.
RoslynAnalysisRunner has terminated.
[XR] OculusXRPlugin: registering subsystems
[XR] Unable to register display lifecyle provider: [1]
[XR] Oculus Input lifecycle provider registered.
[XR] Unable to register input lifecyle provider: [1]
NullReferenceException: Object reference not set to an instance of an object
  at Unity.XR.Oculus.OculusLoader.AssetPathToAbsolutePath (System.String assetPath) [0x00048] in D:\Projekty\Unity\VE2021\Library\PackageCache\com.unity.xr.oculus@1.8.1\Runtime\OculusLoader.cs:243 
  at Unity.XR.Oculus.OculusLoader.EditorLoadOVRPlugin () [0x0007b] in D:\Projekty\Unity\VE2021\Library\PackageCache\com.unity.xr.oculus@1.8.1\Runtime\OculusLoader.cs:228 

(Filename: Library/PackageCache/com.unity.xr.oculus@1.8.1/Runtime/OculusLoader.cs Line: 243)

Mono: successfully reloaded assembly
- Completed reload, in  1.198 seconds
Platform modules already initialized, skipping
========================================================================
Worker process is ready to serve import requests
Launched and connected shader compiler UnityShaderCompiler.exe after 0.08 seconds
Refreshing native plugins compatible for Editor in 0.77 ms, found 18 plugins.
Preloading 2 native plugins for Editor in 0.08 ms.
Unloading 2211 Unused Serialized files (Serialized files now loaded: 0)
System memory in use before: 98.1 MB.
System memory in use after: 98.0 MB.

Unloading 27 unused Assets to reduce memory usage. Loaded Objects now: 2647.
Total: 2.213100 ms (FindLiveObjects: 0.202200 ms CreateObjectMapping: 0.092100 ms MarkObjects: 1.844500 ms  DeleteObjects: 0.073100 ms)

========================================================================
Received Import Request.
  path: Assets/Wave
  artifactKey: Guid(44e536b9a676f924798d831bdd6bbbd3) Importer(815301076,1909f56bfc062723c751e8b465ee728b)
Start importing Assets/Wave using Guid(44e536b9a676f924798d831bdd6bbbd3) Importer(815301076,1909f56bfc062723c751e8b465ee728b)  -> (artifact id: 'b005747ae7a8ed4a21a77c1f77d1705f') in 0.047505 seconds
  Import took 0.069996 seconds .

========================================================================
Received Import Request.
  Time since last request: 0.000249 seconds.
  path: Assets/Wave/XR/Platform/Android
  artifactKey: Guid(576c3d7c67fd0354f9d530ee70035099) Importer(815301076,1909f56bfc062723c751e8b465ee728b)
Start importing Assets/Wave/XR/Platform/Android using Guid(576c3d7c67fd0354f9d530ee70035099) Importer(815301076,1909f56bfc062723c751e8b465ee728b)  -> (artifact id: '3ac476d1f0c3b9d27453cdd32646a7d4') in 0.020680 seconds
  Import took 0.023931 seconds .

========================================================================
Received Import Request.
  Time since last request: 0.000231 seconds.
  path: Assets/Wave/XR
  artifactKey: Guid(8b44d536e7677ff4491aae7d3d3cd26d) Importer(815301076,1909f56bfc062723c751e8b465ee728b)
Start importing Assets/Wave/XR using Guid(8b44d536e7677ff4491aae7d3d3cd26d) Importer(815301076,1909f56bfc062723c751e8b465ee728b)  -> (artifact id: '9b2f664fbcb3f88ab21a6ccb52fa7b1a') in 0.010402 seconds
  Import took 0.016645 seconds .

========================================================================
Received Import Request.
  Time since last request: 0.000217 seconds.
  path: Assets/Wave/XR/Platform
  artifactKey: Guid(7c1a78eaf4e07544bbb9b3de07ee84ec) Importer(815301076,1909f56bfc062723c751e8b465ee728b)
Start importing Assets/Wave/XR/Platform using Guid(7c1a78eaf4e07544bbb9b3de07ee84ec) Importer(815301076,1909f56bfc062723c751e8b465ee728b)  -> (artifact id: '02c1d22c0cc7942f7b783f4d8e4683b5') in 0.065305 seconds
  Import took 0.081873 seconds .

========================================================================
Received Import Request.
  Time since last request: 0.000262 seconds.
  path: Assets/Wave/XR/Platform/Android/AndroidManifest.xml
  artifactKey: Guid(3b99eafd427afe44b8d561d44d43b9fd) Importer(815301076,1909f56bfc062723c751e8b465ee728b)
Start importing Assets/Wave/XR/Platform/Android/AndroidManifest.xml using Guid(3b99eafd427afe44b8d561d44d43b9fd) Importer(815301076,1909f56bfc062723c751e8b465ee728b)  -> (artifact id: '144eeb467c08156667102e4f99bc4eed') in 0.072927 seconds
  Import took 0.082350 seconds .

========================================================================
Received Import Request.
  Time since last request: 125.798453 seconds.
  path: Assets/XR/Settings
  artifactKey: Guid(e46a7475b581f492b93350cfd49fe84c) Importer(815301076,1909f56bfc062723c751e8b465ee728b)
Start importing Assets/XR/Settings using Guid(e46a7475b581f492b93350cfd49fe84c) Importer(815301076,1909f56bfc062723c751e8b465ee728b)  -> (artifact id: '1bc4c5418a14129ad8ec42ee7d43c0a0') in 0.007836 seconds
  Import took 0.234531 seconds .

========================================================================
Received Import Request.
  Time since last request: 0.058471 seconds.
  path: Assets/XR/Settings/Oculus Settings.asset
  artifactKey: Guid(bfa1182bd221b4ca89619141f66f1260) Importer(815301076,1909f56bfc062723c751e8b465ee728b)
Start importing Assets/XR/Settings/Oculus Settings.asset using Guid(bfa1182bd221b4ca89619141f66f1260) Importer(815301076,1909f56bfc062723c751e8b465ee728b)  -> (artifact id: 'fc080cb9d3c48a4072231580e9e693d3') in 0.009594 seconds
  Import took 0.102753 seconds .

========================================================================
Received Import Request.
  Time since last request: 0.000376 seconds.
  path: Assets/XR/Settings/Wave XR Settings.asset
  artifactKey: Guid(893763803e67c9a4a9f5bbe09ebf31ae) Importer(815301076,1909f56bfc062723c751e8b465ee728b)
Start importing Assets/XR/Settings/Wave XR Settings.asset using Guid(893763803e67c9a4a9f5bbe09ebf31ae) Importer(815301076,1909f56bfc062723c751e8b465ee728b) WaveXRSettings.Awake()
UnityEngine.StackTraceUtility:ExtractStackTrace ()
UnityEngine.DebugLogHandler:LogFormat (UnityEngine.LogType,UnityEngine.Object,string,object[])
UnityEngine.Logger:Log (UnityEngine.LogType,object)
UnityEngine.Debug:Log (object)
Wave.XR.Settings.WaveXRSettings:Awake () (at Library/PackageCache/com.htc.upm.wave.xrsdk@4.0.0-r.28/Runtime/WaveXRSettings.cs:149)

(Filename: Library/PackageCache/com.htc.upm.wave.xrsdk@4.0.0-r.28/Runtime/WaveXRSettings.cs Line: 149)

 -> (artifact id: 'f7338e2046fcc48d1634bbfc70d90cf4') in 0.037546 seconds
  Import took 0.041270 seconds .

========================================================================
Received Import Request.
  Time since last request: 0.000277 seconds.
  path: Assets/XR/Settings/OpenXR Editor Settings.asset
  artifactKey: Guid(c3d754371e5486044805f49d34a3bcb4) Importer(815301076,1909f56bfc062723c751e8b465ee728b)
Start importing Assets/XR/Settings/OpenXR Editor Settings.asset using Guid(c3d754371e5486044805f49d34a3bcb4) Importer(815301076,1909f56bfc062723c751e8b465ee728b)  -> (artifact id: '227adccd2522487d1c9f97d7e4aebe7a') in 0.009071 seconds
  Import took 0.140374 seconds .

========================================================================
Received Prepare
Registering precompiled user dll's ...
Registered in 0.005431 seconds.
Begin MonoManager ReloadAssembly
Native extension for WindowsStandalone target not found
Refreshing native plugins compatible for Editor in 1.01 ms, found 18 plugins.
Preloading 2 native plugins for Editor in 0.10 ms.
PackageInfo()
UnityEngine.StackTraceUtility:ExtractStackTrace ()
UnityEngine.DebugLogHandler:LogFormat (UnityEngine.LogType,UnityEngine.Object,string,object[])
UnityEngine.Logger:Log (UnityEngine.LogType,object)
UnityEngine.Debug:Log (object)
Wave.Essence.Editor.PackageInfo:.cctor () (at Library/PackageCache/com.htc.upm.wave.essence@4.0.0-r.28/Editor/EssenceSettingsProvider.cs:666)
System.Runtime.CompilerServices.RuntimeHelpers:RunClassConstructor (System.RuntimeTypeHandle)
UnityEditor.EditorAssemblies:ProcessInitializeOnLoadAttributes (System.Type[])

(Filename: Library/PackageCache/com.htc.upm.wave.essence@4.0.0-r.28/Editor/EssenceSettingsProvider.cs Line: 666)

Invoked RoslynAnalysisRunner static constructor.
RoslynAnalysisRunner will not be running.
RoslynAnalysisRunner has terminated.
NullReferenceException: Object reference not set to an instance of an object
  at Unity.XR.Oculus.OculusLoader.AssetPathToAbsolutePath (System.String assetPath) [0x00048] in D:\Projekty\Unity\VE2021\Library\PackageCache\com.unity.xr.oculus@1.8.1\Runtime\OculusLoader.cs:243 
  at Unity.XR.Oculus.OculusLoader.EditorLoadOVRPlugin () [0x0007b] in D:\Projekty\Unity\VE2021\Library\PackageCache\com.unity.xr.oculus@1.8.1\Runtime\OculusLoader.cs:228 

(Filename: Library/PackageCache/com.unity.xr.oculus@1.8.1/Runtime/OculusLoader.cs Line: 243)

Mono: successfully reloaded assembly
- Completed reload, in  0.857 seconds
Platform modules already initialized, skipping
Switching build target platform(5) subTarget(0) extendedPlatform(0) -> platform(13) subTarget(524288) extendedPlatform(0)
Refreshing native plugins compatible for Editor in 0.86 ms, found 18 plugins.
Preloading 2 native plugins for Editor in 0.08 ms.
Unloading 2158 Unused Serialized files (Serialized files now loaded: 0)
System memory in use before: 95.6 MB.
System memory in use after: 95.7 MB.

Unloading 23 unused Assets to reduce memory usage. Loaded Objects now: 2666.
Total: 2.130100 ms (FindLiveObjects: 0.190000 ms CreateObjectMapping: 0.080500 ms MarkObjects: 1.792800 ms  DeleteObjects: 0.065700 ms)

AssetImportParameters requested are different than current active one (requested -> active):
  custom:graphics/normal-map-encoding: 01000000000000000000000000000000 -> 02000000000000000000000000000000
========================================================================
Received Prepare
Registering precompiled user dll's ...
Registered in 0.006053 seconds.
Begin MonoManager ReloadAssembly
Native extension for WindowsStandalone target not found
Refreshing native plugins compatible for Editor in 0.93 ms, found 18 plugins.
Preloading 2 native plugins for Editor in 0.08 ms.
PackageInfo()
UnityEngine.StackTraceUtility:ExtractStackTrace ()
UnityEngine.DebugLogHandler:LogFormat (UnityEngine.LogType,UnityEngine.Object,string,object[])
UnityEngine.Logger:Log (UnityEngine.LogType,object)
UnityEngine.Debug:Log (object)
Wave.Essence.Editor.PackageInfo:.cctor () (at Library/PackageCache/com.htc.upm.wave.essence@4.0.0-r.28/Editor/EssenceSettingsProvider.cs:666)
System.Runtime.CompilerServices.RuntimeHelpers:RunClassConstructor (System.RuntimeTypeHandle)
UnityEditor.EditorAssemblies:ProcessInitializeOnLoadAttributes (System.Type[])

(Filename: Library/PackageCache/com.htc.upm.wave.essence@4.0.0-r.28/Editor/EssenceSettingsProvider.cs Line: 666)

Invoked RoslynAnalysisRunner static constructor.
RoslynAnalysisRunner will not be running.
RoslynAnalysisRunner has terminated.
NullReferenceException: Object reference not set to an instance of an object
  at Unity.XR.Oculus.OculusLoader.AssetPathToAbsolutePath (System.String assetPath) [0x00048] in D:\Projekty\Unity\VE2021\Library\PackageCache\com.unity.xr.oculus@1.8.1\Runtime\OculusLoader.cs:243 
  at Unity.XR.Oculus.OculusLoader.EditorLoadOVRPlugin () [0x0007b] in D:\Projekty\Unity\VE2021\Library\PackageCache\com.unity.xr.oculus@1.8.1\Runtime\OculusLoader.cs:228 

(Filename: Library/PackageCache/com.unity.xr.oculus@1.8.1/Runtime/OculusLoader.cs Line: 243)

Mono: successfully reloaded assembly
- Completed reload, in  0.840 seconds
Platform modules already initialized, skipping
Switching build target platform(5) subTarget(0) extendedPlatform(0) -> platform(13) subTarget(524288) extendedPlatform(0)
Refreshing native plugins compatible for Editor in 0.90 ms, found 18 plugins.
Preloading 2 native plugins for Editor in 0.08 ms.
Unloading 2211 Unused Serialized files (Serialized files now loaded: 0)
System memory in use before: 98.8 MB.
System memory in use after: 98.4 MB.

Unloading 30 unused Assets to reduce memory usage. Loaded Objects now: 2716.
Total: 2.564500 ms (FindLiveObjects: 0.239700 ms CreateObjectMapping: 0.099500 ms MarkObjects: 1.848300 ms  DeleteObjects: 0.375500 ms)

AssetImportParameters requested are different than current active one (requested -> active):
  custom:graphics/normal-map-encoding: 01000000000000000000000000000000 -> 02000000000000000000000000000000
========================================================================
Received Import Request.
  Time since last request: 90.814918 seconds.
  path: Assets/XR/Settings/Wave XR Settings.asset
  artifactKey: Guid(893763803e67c9a4a9f5bbe09ebf31ae) Importer(815301076,1909f56bfc062723c751e8b465ee728b)
Start importing Assets/XR/Settings/Wave XR Settings.asset using Guid(893763803e67c9a4a9f5bbe09ebf31ae) Importer(815301076,1909f56bfc062723c751e8b465ee728b) WaveXRSettings.Awake()
UnityEngine.StackTraceUtility:ExtractStackTrace ()
UnityEngine.DebugLogHandler:LogFormat (UnityEngine.LogType,UnityEngine.Object,string,object[])
UnityEngine.Logger:Log (UnityEngine.LogType,object)
UnityEngine.Debug:Log (object)
Wave.XR.Settings.WaveXRSettings:Awake () (at Library/PackageCache/com.htc.upm.wave.xrsdk@4.0.0-r.28/Runtime/WaveXRSettings.cs:149)

(Filename: Library/PackageCache/com.htc.upm.wave.xrsdk@4.0.0-r.28/Runtime/WaveXRSettings.cs Line: 149)

 -> (artifact id: '1dff1ecd29aa4d0250540bd2474c2f8c') in 0.011027 seconds
  Import took 0.014267 seconds .

========================================================================
Received Prepare
Registering precompiled user dll's ...
Registered in 0.005419 seconds.
Begin MonoManager ReloadAssembly
Native extension for WindowsStandalone target not found
Refreshing native plugins compatible for Editor in 0.85 ms, found 18 plugins.
Preloading 2 native plugins for Editor in 0.08 ms.
PackageInfo()
UnityEngine.StackTraceUtility:ExtractStackTrace ()
UnityEngine.DebugLogHandler:LogFormat (UnityEngine.LogType,UnityEngine.Object,string,object[])
UnityEngine.Logger:Log (UnityEngine.LogType,object)
UnityEngine.Debug:Log (object)
Wave.Essence.Editor.PackageInfo:.cctor () (at Library/PackageCache/com.htc.upm.wave.essence@4.0.0-r.28/Editor/EssenceSettingsProvider.cs:666)
System.Runtime.CompilerServices.RuntimeHelpers:RunClassConstructor (System.RuntimeTypeHandle)
UnityEditor.EditorAssemblies:ProcessInitializeOnLoadAttributes (System.Type[])

(Filename: Library/PackageCache/com.htc.upm.wave.essence@4.0.0-r.28/Editor/EssenceSettingsProvider.cs Line: 666)

Invoked RoslynAnalysisRunner static constructor.
RoslynAnalysisRunner will not be running.
RoslynAnalysisRunner has terminated.
NullReferenceException: Object reference not set to an instance of an object
  at Unity.XR.Oculus.OculusLoader.AssetPathToAbsolutePath (System.String assetPath) [0x00048] in D:\Projekty\Unity\VE2021\Library\PackageCache\com.unity.xr.oculus@1.8.1\Runtime\OculusLoader.cs:243 
  at Unity.XR.Oculus.OculusLoader.EditorLoadOVRPlugin () [0x0007b] in D:\Projekty\Unity\VE2021\Library\PackageCache\com.unity.xr.oculus@1.8.1\Runtime\OculusLoader.cs:228 

(Filename: Library/PackageCache/com.unity.xr.oculus@1.8.1/Runtime/OculusLoader.cs Line: 243)

Mono: successfully reloaded assembly
- Completed reload, in  0.815 seconds
Platform modules already initialized, skipping
Switching build target platform(5) subTarget(0) extendedPlatform(0) -> platform(13) subTarget(524288) extendedPlatform(0)
Refreshing native plugins compatible for Editor in 0.93 ms, found 18 plugins.
Preloading 2 native plugins for Editor in 0.08 ms.
Unloading 2213 Unused Serialized files (Serialized files now loaded: 0)
System memory in use before: 99.0 MB.
System memory in use after: 98.4 MB.

Unloading 31 unused Assets to reduce memory usage. Loaded Objects now: 2722.
Total: 2.788800 ms (FindLiveObjects: 0.196000 ms CreateObjectMapping: 0.071400 ms MarkObjects: 2.047200 ms  DeleteObjects: 0.473200 ms)

AssetImportParameters requested are different than current active one (requested -> active):
  custom:graphics/normal-map-encoding: 01000000000000000000000000000000 -> 02000000000000000000000000000000
========================================================================
Received Prepare
Registering precompiled user dll's ...
Registered in 0.005008 seconds.
Begin MonoManager ReloadAssembly
Native extension for WindowsStandalone target not found
Refreshing native plugins compatible for Editor in 0.86 ms, found 18 plugins.
Preloading 2 native plugins for Editor in 0.09 ms.
InteractionModeManagerSettings() registered EditorSceneManager.sceneOpened.
UnityEngine.StackTraceUtility:ExtractStackTrace ()
UnityEngine.DebugLogHandler:LogFormat (UnityEngine.LogType,UnityEngine.Object,string,object[])
UnityEngine.Logger:Log (UnityEngine.LogType,object)
UnityEngine.Debug:Log (object)
Wave.Essence.Interaction.Mode.Editor.InteractionModeManagerSettings:.cctor () (at Assets/Wave/Essence/Interaction/Mode/4.0.0-r.28/Editor/InteractionModeManagerEditor.cs:54)
System.Runtime.CompilerServices.RuntimeHelpers:RunClassConstructor (System.RuntimeTypeHandle)
UnityEditor.EditorAssemblies:ProcessInitializeOnLoadAttributes (System.Type[])

(Filename: Assets/Wave/Essence/Interaction/Mode/4.0.0-r.28/Editor/InteractionModeManagerEditor.cs Line: 54)

PackageInfo()
UnityEngine.StackTraceUtility:ExtractStackTrace ()
UnityEngine.DebugLogHandler:LogFormat (UnityEngine.LogType,UnityEngine.Object,string,object[])
UnityEngine.Logger:Log (UnityEngine.LogType,object)
UnityEngine.Debug:Log (object)
Wave.Essence.Editor.PackageInfo:.cctor () (at Library/PackageCache/com.htc.upm.wave.essence@4.0.0-r.28/Editor/EssenceSettingsProvider.cs:666)
System.Runtime.CompilerServices.RuntimeHelpers:RunClassConstructor (System.RuntimeTypeHandle)
UnityEditor.EditorAssemblies:ProcessInitializeOnLoadAttributes (System.Type[])

(Filename: Library/PackageCache/com.htc.upm.wave.essence@4.0.0-r.28/Editor/EssenceSettingsProvider.cs Line: 666)

Invoked RoslynAnalysisRunner static constructor.
RoslynAnalysisRunner will not be running.
RoslynAnalysisRunner has terminated.
NullReferenceException: Object reference not set to an instance of an object
  at Unity.XR.Oculus.OculusLoader.AssetPathToAbsolutePath (System.String assetPath) [0x00048] in D:\Projekty\Unity\VE2021\Library\PackageCache\com.unity.xr.oculus@1.8.1\Runtime\OculusLoader.cs:243 
  at Unity.XR.Oculus.OculusLoader.EditorLoadOVRPlugin () [0x0007b] in D:\Projekty\Unity\VE2021\Library\PackageCache\com.unity.xr.oculus@1.8.1\Runtime\OculusLoader.cs:228 

(Filename: Library/PackageCache/com.unity.xr.oculus@1.8.1/Runtime/OculusLoader.cs Line: 243)

Mono: successfully reloaded assembly
- Completed reload, in  0.892 seconds
Platform modules already initialized, skipping
Switching build target platform(5) subTarget(0) extendedPlatform(0) -> platform(13) subTarget(524288) extendedPlatform(0)
Refreshing native plugins compatible for Editor in 0.85 ms, found 18 plugins.
Preloading 2 native plugins for Editor in 0.09 ms.
Unloading 2223 Unused Serialized files (Serialized files now loaded: 0)
System memory in use before: 99.5 MB.
System memory in use after: 98.9 MB.

Unloading 31 unused Assets to reduce memory usage. Loaded Objects now: 2736.
Total: 3.021700 ms (FindLiveObjects: 0.265400 ms CreateObjectMapping: 0.115300 ms MarkObjects: 2.142600 ms  DeleteObjects: 0.497300 ms)

AssetImportParameters requested are different than current active one (requested -> active):
  custom:graphics/normal-map-encoding: 01000000000000000000000000000000 -> 02000000000000000000000000000000
========================================================================
Received Prepare
Registering precompiled user dll's ...
Registered in 0.005197 seconds.
Begin MonoManager ReloadAssembly
Native extension for WindowsStandalone target not found
Refreshing native plugins compatible for Editor in 1.59 ms, found 18 plugins.
Preloading 2 native plugins for Editor in 0.15 ms.
InteractionModeManagerSettings() registered EditorSceneManager.sceneOpened.
UnityEngine.StackTraceUtility:ExtractStackTrace ()
UnityEngine.DebugLogHandler:LogFormat (UnityEngine.LogType,UnityEngine.Object,string,object[])
UnityEngine.Logger:Log (UnityEngine.LogType,object)
UnityEngine.Debug:Log (object)
Wave.Essence.Interaction.Mode.Editor.InteractionModeManagerSettings:.cctor () (at Assets/Wave/Essence/Interaction/Mode/4.0.0-r.28/Editor/InteractionModeManagerEditor.cs:54)
System.Runtime.CompilerServices.RuntimeHelpers:RunClassConstructor (System.RuntimeTypeHandle)
UnityEditor.EditorAssemblies:ProcessInitializeOnLoadAttributes (System.Type[])

(Filename: Assets/Wave/Essence/Interaction/Mode/4.0.0-r.28/Editor/InteractionModeManagerEditor.cs Line: 54)

PackageInfo()
UnityEngine.StackTraceUtility:ExtractStackTrace ()
UnityEngine.DebugLogHandler:LogFormat (UnityEngine.LogType,UnityEngine.Object,string,object[])
UnityEngine.Logger:Log (UnityEngine.LogType,object)
UnityEngine.Debug:Log (object)
Wave.Essence.Editor.PackageInfo:.cctor () (at Library/PackageCache/com.htc.upm.wave.essence@4.0.0-r.28/Editor/EssenceSettingsProvider.cs:666)
System.Runtime.CompilerServices.RuntimeHelpers:RunClassConstructor (System.RuntimeTypeHandle)
UnityEditor.EditorAssemblies:ProcessInitializeOnLoadAttributes (System.Type[])

(Filename: Library/PackageCache/com.htc.upm.wave.essence@4.0.0-r.28/Editor/EssenceSettingsProvider.cs Line: 666)

Invoked RoslynAnalysisRunner static constructor.
RoslynAnalysisRunner will not be running.
RoslynAnalysisRunner has terminated.
NullReferenceException: Object reference not set to an instance of an object
  at Unity.XR.Oculus.OculusLoader.AssetPathToAbsolutePath (System.String assetPath) [0x00048] in D:\Projekty\Unity\VE2021\Library\PackageCache\com.unity.xr.oculus@1.8.1\Runtime\OculusLoader.cs:243 
  at Unity.XR.Oculus.OculusLoader.EditorLoadOVRPlugin () [0x0007b] in D:\Projekty\Unity\VE2021\Library\PackageCache\com.unity.xr.oculus@1.8.1\Runtime\OculusLoader.cs:228 

(Filename: Library/PackageCache/com.unity.xr.oculus@1.8.1/Runtime/OculusLoader.cs Line: 243)

Mono: successfully reloaded assembly
- Completed reload, in  0.826 seconds
Platform modules already initialized, skipping
Switching build target platform(5) subTarget(0) extendedPlatform(0) -> platform(13) subTarget(524288) extendedPlatform(0)
Refreshing native plugins compatible for Editor in 0.92 ms, found 18 plugins.
Preloading 2 native plugins for Editor in 0.09 ms.
Unloading 2256 Unused Serialized files (Serialized files now loaded: 0)
System memory in use before: 100.4 MB.
System memory in use after: 99.8 MB.

Unloading 31 unused Assets to reduce memory usage. Loaded Objects now: 2773.
Total: 2.708700 ms (FindLiveObjects: 0.252200 ms CreateObjectMapping: 0.096100 ms MarkObjects: 1.859200 ms  DeleteObjects: 0.500300 ms)

AssetImportParameters requested are different than current active one (requested -> active):
  custom:graphics/normal-map-encoding: 01000000000000000000000000000000 -> 02000000000000000000000000000000
========================================================================
Received Import Request.
  Time since last request: 496.095868 seconds.
  path: Assets/Samples/VIVE Wave XR Plugin
  artifactKey: Guid(b9e315517d82e2048b83a5a40a96cb13) Importer(815301076,1909f56bfc062723c751e8b465ee728b)
Start importing Assets/Samples/VIVE Wave XR Plugin using Guid(b9e315517d82e2048b83a5a40a96cb13) Importer(815301076,1909f56bfc062723c751e8b465ee728b)  -> (artifact id: 'f69819cf49ad25db90bf3b1bbc40bfe6') in 0.008774 seconds
  Import took 0.012182 seconds .

========================================================================
Received Import Request.
  Time since last request: 0.626688 seconds.
  path: Assets/Samples/VIVE Wave XR Plugin/4.0.0-r.28
  artifactKey: Guid(9b438562901d4bc4fb7a881aa49d363b) Importer(815301076,1909f56bfc062723c751e8b465ee728b)
Start importing Assets/Samples/VIVE Wave XR Plugin/4.0.0-r.28 using Guid(9b438562901d4bc4fb7a881aa49d363b) Importer(815301076,1909f56bfc062723c751e8b465ee728b)  -> (artifact id: 'a7f11becea6bf0da5800de8d4cd103eb') in 0.007971 seconds
  Import took 0.011375 seconds .

========================================================================
Received Import Request.
  Time since last request: 0.583869 seconds.
  path: Assets/Samples/VIVE Wave XR Plugin/4.0.0-r.28/PureUnity
  artifactKey: Guid(733de68469281cc4b8028d32b7c2907f) Importer(815301076,1909f56bfc062723c751e8b465ee728b)
Start importing Assets/Samples/VIVE Wave XR Plugin/4.0.0-r.28/PureUnity using Guid(733de68469281cc4b8028d32b7c2907f) Importer(815301076,1909f56bfc062723c751e8b465ee728b)  -> (artifact id: '9ac9d6a1d4d3c65355329edb5ea9db6d') in 0.008356 seconds
  Import took 0.012228 seconds .

========================================================================
Received Import Request.
  Time since last request: 1.431747 seconds.
  path: Assets/Samples/VIVE Wave XR Plugin/4.0.0-r.28/PureUnity/Common
  artifactKey: Guid(731acbb09be06984fb33f27d047719bc) Importer(815301076,1909f56bfc062723c751e8b465ee728b)
Start importing Assets/Samples/VIVE Wave XR Plugin/4.0.0-r.28/PureUnity/Common using Guid(731acbb09be06984fb33f27d047719bc) Importer(815301076,1909f56bfc062723c751e8b465ee728b)  -> (artifact id: '3597644154c6def508c1726a6f81da02') in 0.007138 seconds
  Import took 0.010436 seconds .

========================================================================
Received Import Request.
  Time since last request: 3.547930 seconds.
  path: Assets/Samples/VIVE Wave XR Plugin/4.0.0-r.28/PureUnity/Common/Presets
  artifactKey: Guid(6074c562f0db35d4e8b53f09d987ebea) Importer(815301076,1909f56bfc062723c751e8b465ee728b)
Start importing Assets/Samples/VIVE Wave XR Plugin/4.0.0-r.28/PureUnity/Common/Presets using Guid(6074c562f0db35d4e8b53f09d987ebea) Importer(815301076,1909f56bfc062723c751e8b465ee728b)  -> (artifact id: '908065d200efc8b9ac3750c72cad229a') in 0.007927 seconds
  Import took 0.011284 seconds .

========================================================================
Received Import Request.
  Time since last request: 0.058918 seconds.
  path: Assets/Samples/VIVE Wave XR Plugin/4.0.0-r.28/PureUnity/Common/Presets/WaveInputManagerPreset.preset
  artifactKey: Guid(5ff3c25f228367a4d88ce23e3d7c0509) Importer(815301076,1909f56bfc062723c751e8b465ee728b)
Start importing Assets/Samples/VIVE Wave XR Plugin/4.0.0-r.28/PureUnity/Common/Presets/WaveInputManagerPreset.preset using Guid(5ff3c25f228367a4d88ce23e3d7c0509) Importer(815301076,1909f56bfc062723c751e8b465ee728b)  -> (artifact id: '379e2adc8555dbbf8efe89a41f91c1e5') in 0.066572 seconds
  Import took 0.070908 seconds .

========================================================================
Received Import Request.
  Time since last request: 0.283116 seconds.
  path: Assets/Samples/VIVE Wave XR Plugin/4.0.0-r.28/PureUnity/Common/Presets/WaveQualitySettingsPreset.preset
  artifactKey: Guid(c6ca4a3827ecd48419d4fd6e5661f3cf) Importer(815301076,1909f56bfc062723c751e8b465ee728b)
Start importing Assets/Samples/VIVE Wave XR Plugin/4.0.0-r.28/PureUnity/Common/Presets/WaveQualitySettingsPreset.preset using Guid(c6ca4a3827ecd48419d4fd6e5661f3cf) Importer(815301076,1909f56bfc062723c751e8b465ee728b)  -> (artifact id: '757f5f6aa50c23661a027bab81341df4') in 0.010860 seconds
  Import took 0.016009 seconds .

========================================================================
Received Import Request.
  Time since last request: 2.457105 seconds.
  path: Assets/Samples/VIVE Wave XR Plugin/4.0.0-r.28/PureUnity/Common/Scripts
  artifactKey: Guid(a335a71509311184cbbf3ec0e7424ed5) Importer(815301076,1909f56bfc062723c751e8b465ee728b)
Start importing Assets/Samples/VIVE Wave XR Plugin/4.0.0-r.28/PureUnity/Common/Scripts using Guid(a335a71509311184cbbf3ec0e7424ed5) Importer(815301076,1909f56bfc062723c751e8b465ee728b)  -> (artifact id: '770851cdaf730f0cc7ca0223c8081d68') in 0.007678 seconds
  Import took 0.011203 seconds .

========================================================================
Received Import Request.
  Time since last request: 2.344173 seconds.
  path: Assets/Samples/VIVE Wave XR Plugin/4.0.0-r.28/PureUnity/Common/Tools
  artifactKey: Guid(c2380ea2b4f6a9c47836e1aebd020ece) Importer(815301076,1909f56bfc062723c751e8b465ee728b)
Start importing Assets/Samples/VIVE Wave XR Plugin/4.0.0-r.28/PureUnity/Common/Tools using Guid(c2380ea2b4f6a9c47836e1aebd020ece) Importer(815301076,1909f56bfc062723c751e8b465ee728b)  -> (artifact id: 'cd3b6037ac96965298182b3d1354cc28') in 0.008441 seconds
  Import took 0.012169 seconds .

========================================================================
Received Import Request.
  Time since last request: 4.910718 seconds.
  path: Assets/Samples/VIVE Wave XR Plugin/4.0.0-r.28/PureUnity/VRTestApp
  artifactKey: Guid(376dc0c29b5114448835c02173637a04) Importer(815301076,1909f56bfc062723c751e8b465ee728b)
Start importing Assets/Samples/VIVE Wave XR Plugin/4.0.0-r.28/PureUnity/VRTestApp using Guid(376dc0c29b5114448835c02173637a04) Importer(815301076,1909f56bfc062723c751e8b465ee728b)  -> (artifact id: '980633444b8d619af8b232d74e51617a') in 0.007640 seconds
  Import took 0.010959 seconds .

========================================================================
Received Import Request.
  Time since last request: 1.653394 seconds.
  path: Assets/Samples/VIVE Wave XR Plugin/4.0.0-r.28/PureUnity/VRTestApp/Scenes
  artifactKey: Guid(bfe3818ac4da1bb449120b9f8f81e69c) Importer(815301076,1909f56bfc062723c751e8b465ee728b)
Start importing Assets/Samples/VIVE Wave XR Plugin/4.0.0-r.28/PureUnity/VRTestApp/Scenes using Guid(bfe3818ac4da1bb449120b9f8f81e69c) Importer(815301076,1909f56bfc062723c751e8b465ee728b)  -> (artifact id: 'ab2d641fcd332e584d8df631997a2793') in 0.007636 seconds
  Import took 0.029153 seconds .

========================================================================
Received Import Request.
  Time since last request: 0.621043 seconds.
  path: Assets/Samples/VIVE Wave XR Plugin/4.0.0-r.28/PureUnity/VRTestApp/Scenes/VRTestApp.unity
  artifactKey: Guid(5d4449c9fb95a664db7a4640df1da07b) Importer(815301076,1909f56bfc062723c751e8b465ee728b)
Start importing Assets/Samples/VIVE Wave XR Plugin/4.0.0-r.28/PureUnity/VRTestApp/Scenes/VRTestApp.unity using Guid(5d4449c9fb95a664db7a4640df1da07b) Importer(815301076,1909f56bfc062723c751e8b465ee728b)  -> (artifact id: 'd9cd26810662997fc40e4a95ea2898a5') in 0.007792 seconds
  Import took 0.011170 seconds .

========================================================================
Received Import Request.
  Time since last request: 3.930781 seconds.
  path: Assets/Samples/VIVE Wave XR Plugin/4.0.0-r.28/PureUnity/VRTestApp/Scenes/VRTestApp_InteractionMode.asset
  artifactKey: Guid(d0e7195c2d630414fb67f311ce7975db) Importer(815301076,1909f56bfc062723c751e8b465ee728b)
Start importing Assets/Samples/VIVE Wave XR Plugin/4.0.0-r.28/PureUnity/VRTestApp/Scenes/VRTestApp_InteractionMode.asset using Guid(d0e7195c2d630414fb67f311ce7975db) Importer(815301076,1909f56bfc062723c751e8b465ee728b)  -> (artifact id: '68817435f1d4ed44f750885e1210bd5e') in 0.007815 seconds
  Import took 0.011117 seconds .

========================================================================
Received Import Request.
  Time since last request: 89.436251 seconds.
  path: Assets/Scenes/TestScene.unity
  artifactKey: Guid(9fc0d4010bbf28b4594072e72b8655ab) Importer(815301076,1909f56bfc062723c751e8b465ee728b)
Start importing Assets/Scenes/TestScene.unity using Guid(9fc0d4010bbf28b4594072e72b8655ab) Importer(815301076,1909f56bfc062723c751e8b465ee728b)  -> (artifact id: 'b83687b8f4338b9b0c95d0fc243a0831') in 0.007245 seconds
  Import took 0.113822 seconds .

========================================================================
Received Import Request.
  Time since last request: 1.437229 seconds.
  path: Assets/Scenes/TestScene.unity
  artifactKey: Guid(9fc0d4010bbf28b4594072e72b8655ab) Importer(815301076,1909f56bfc062723c751e8b465ee728b)
Start importing Assets/Scenes/TestScene.unity using Guid(9fc0d4010bbf28b4594072e72b8655ab) Importer(815301076,1909f56bfc062723c751e8b465ee728b)  -> (artifact id: 'b83687b8f4338b9b0c95d0fc243a0831') in 0.001823 seconds
  Import took 0.005228 seconds .

========================================================================
Received Prepare
Registering precompiled user dll's ...
Registered in 0.005226 seconds.
Begin MonoManager ReloadAssembly
Native extension for WindowsStandalone target not found
Refreshing native plugins compatible for Editor in 0.85 ms, found 18 plugins.
Preloading 2 native plugins for Editor in 0.09 ms.
InteractionModeManagerSettings() registered EditorSceneManager.sceneOpened.
UnityEngine.StackTraceUtility:ExtractStackTrace ()
UnityEngine.DebugLogHandler:LogFormat (UnityEngine.LogType,UnityEngine.Object,string,object[])
UnityEngine.Logger:Log (UnityEngine.LogType,object)
UnityEngine.Debug:Log (object)
Wave.Essence.Interaction.Mode.Editor.InteractionModeManagerSettings:.cctor () (at Assets/Wave/Essence/Interaction/Mode/4.0.0-r.28/Editor/InteractionModeManagerEditor.cs:54)
System.Runtime.CompilerServices.RuntimeHelpers:RunClassConstructor (System.RuntimeTypeHandle)
UnityEditor.EditorAssemblies:ProcessInitializeOnLoadAttributes (System.Type[])

(Filename: Assets/Wave/Essence/Interaction/Mode/4.0.0-r.28/Editor/InteractionModeManagerEditor.cs Line: 54)

PackageInfo()
UnityEngine.StackTraceUtility:ExtractStackTrace ()
UnityEngine.DebugLogHandler:LogFormat (UnityEngine.LogType,UnityEngine.Object,string,object[])
UnityEngine.Logger:Log (UnityEngine.LogType,object)
UnityEngine.Debug:Log (object)
Wave.Essence.Editor.PackageInfo:.cctor () (at Library/PackageCache/com.htc.upm.wave.essence@4.0.0-r.28/Editor/EssenceSettingsProvider.cs:666)
System.Runtime.CompilerServices.RuntimeHelpers:RunClassConstructor (System.RuntimeTypeHandle)
UnityEditor.EditorAssemblies:ProcessInitializeOnLoadAttributes (System.Type[])

(Filename: Library/PackageCache/com.htc.upm.wave.essence@4.0.0-r.28/Editor/EssenceSettingsProvider.cs Line: 666)

Invoked RoslynAnalysisRunner static constructor.
RoslynAnalysisRunner will not be running.
RoslynAnalysisRunner has terminated.
NullReferenceException: Object reference not set to an instance of an object
  at Unity.XR.Oculus.OculusLoader.AssetPathToAbsolutePath (System.String assetPath) [0x00048] in D:\Projekty\Unity\VE2021\Library\PackageCache\com.unity.xr.oculus@1.8.1\Runtime\OculusLoader.cs:243 
  at Unity.XR.Oculus.OculusLoader.EditorLoadOVRPlugin () [0x0007b] in D:\Projekty\Unity\VE2021\Library\PackageCache\com.unity.xr.oculus@1.8.1\Runtime\OculusLoader.cs:228 

(Filename: Library/PackageCache/com.unity.xr.oculus@1.8.1/Runtime/OculusLoader.cs Line: 243)

Mono: successfully reloaded assembly
- Completed reload, in  0.824 seconds
Platform modules already initialized, skipping
Switching build target platform(5) subTarget(0) extendedPlatform(0) -> platform(13) subTarget(524288) extendedPlatform(0)
Refreshing native plugins compatible for Editor in 0.89 ms, found 18 plugins.
Preloading 2 native plugins for Editor in 0.09 ms.
Unloading 2256 Unused Serialized files (Serialized files now loaded: 0)
System memory in use before: 100.4 MB.
System memory in use after: 99.8 MB.

Unloading 31 unused Assets to reduce memory usage. Loaded Objects now: 2777.
Total: 2.636700 ms (FindLiveObjects: 0.223300 ms CreateObjectMapping: 0.092200 ms MarkObjects: 1.813700 ms  DeleteObjects: 0.506500 ms)

AssetImportParameters requested are different than current active one (requested -> active):
  custom:graphics/normal-map-encoding: 01000000000000000000000000000000 -> 02000000000000000000000000000000
========================================================================
Received Import Request.
  Time since last request: 2.499939 seconds.
  path: Assets/Scenes/TestScene_InteractionMode.asset
  artifactKey: Guid(6dd31746a18ff7d4b9a7d9d160545550) Importer(815301076,1909f56bfc062723c751e8b465ee728b)
Start importing Assets/Scenes/TestScene_InteractionMode.asset using Guid(6dd31746a18ff7d4b9a7d9d160545550) Importer(815301076,1909f56bfc062723c751e8b465ee728b)  -> (artifact id: '6197da77f6fc60001c07f905e055bb76') in 0.019166 seconds
  Import took 0.024704 seconds .

========================================================================
Received Prepare
Registering precompiled user dll's ...
Registered in 0.005468 seconds.
Begin MonoManager ReloadAssembly
Native extension for WindowsStandalone target not found
Refreshing native plugins compatible for Editor in 0.88 ms, found 18 plugins.
Preloading 2 native plugins for Editor in 0.10 ms.
InteractionModeManagerSettings() registered EditorSceneManager.sceneOpened.
UnityEngine.StackTraceUtility:ExtractStackTrace ()
UnityEngine.DebugLogHandler:LogFormat (UnityEngine.LogType,UnityEngine.Object,string,object[])
UnityEngine.Logger:Log (UnityEngine.LogType,object)
UnityEngine.Debug:Log (object)
Wave.Essence.Interaction.Mode.Editor.InteractionModeManagerSettings:.cctor () (at Assets/Wave/Essence/Interaction/Mode/4.0.0-r.28/Editor/InteractionModeManagerEditor.cs:54)
System.Runtime.CompilerServices.RuntimeHelpers:RunClassConstructor (System.RuntimeTypeHandle)
UnityEditor.EditorAssemblies:ProcessInitializeOnLoadAttributes (System.Type[])

(Filename: Assets/Wave/Essence/Interaction/Mode/4.0.0-r.28/Editor/InteractionModeManagerEditor.cs Line: 54)

PackageInfo()
UnityEngine.StackTraceUtility:ExtractStackTrace ()
UnityEngine.DebugLogHandler:LogFormat (UnityEngine.LogType,UnityEngine.Object,string,object[])
UnityEngine.Logger:Log (UnityEngine.LogType,object)
UnityEngine.Debug:Log (object)
Wave.Essence.Editor.PackageInfo:.cctor () (at Library/PackageCache/com.htc.upm.wave.essence@4.0.0-r.28/Editor/EssenceSettingsProvider.cs:666)
System.Runtime.CompilerServices.RuntimeHelpers:RunClassConstructor (System.RuntimeTypeHandle)
UnityEditor.EditorAssemblies:ProcessInitializeOnLoadAttributes (System.Type[])

(Filename: Library/PackageCache/com.htc.upm.wave.essence@4.0.0-r.28/Editor/EssenceSettingsProvider.cs Line: 666)

Invoked RoslynAnalysisRunner static constructor.
RoslynAnalysisRunner will not be running.
RoslynAnalysisRunner has terminated.
NullReferenceException: Object reference not set to an instance of an object
  at Unity.XR.Oculus.OculusLoader.AssetPathToAbsolutePath (System.String assetPath) [0x00048] in D:\Projekty\Unity\VE2021\Library\PackageCache\com.unity.xr.oculus@1.8.1\Runtime\OculusLoader.cs:243 
  at Unity.XR.Oculus.OculusLoader.EditorLoadOVRPlugin () [0x0007b] in D:\Projekty\Unity\VE2021\Library\PackageCache\com.unity.xr.oculus@1.8.1\Runtime\OculusLoader.cs:228 

(Filename: Library/PackageCache/com.unity.xr.oculus@1.8.1/Runtime/OculusLoader.cs Line: 243)

Mono: successfully reloaded assembly
- Completed reload, in  0.864 seconds
Platform modules already initialized, skipping
Switching build target platform(5) subTarget(0) extendedPlatform(0) -> platform(13) subTarget(524288) extendedPlatform(0)
Refreshing native plugins compatible for Editor in 0.89 ms, found 18 plugins.
Preloading 2 native plugins for Editor in 0.09 ms.
Unloading 2256 Unused Serialized files (Serialized files now loaded: 0)
System memory in use before: 100.4 MB.
System memory in use after: 99.9 MB.

Unloading 31 unused Assets to reduce memory usage. Loaded Objects now: 2781.
Total: 2.667200 ms (FindLiveObjects: 0.246500 ms CreateObjectMapping: 0.109000 ms MarkObjects: 1.826400 ms  DeleteObjects: 0.484500 ms)

AssetImportParameters requested are different than current active one (requested -> active):
  custom:graphics/normal-map-encoding: 01000000000000000000000000000000 -> 02000000000000000000000000000000
========================================================================
Received Prepare
Registering precompiled user dll's ...
Registered in 0.005577 seconds.
Begin MonoManager ReloadAssembly
Native extension for WindowsStandalone target not found
Refreshing native plugins compatible for Editor in 1.38 ms, found 18 plugins.
Preloading 2 native plugins for Editor in 0.11 ms.
InteractionModeManagerSettings() registered EditorSceneManager.sceneOpened.
UnityEngine.StackTraceUtility:ExtractStackTrace ()
UnityEngine.DebugLogHandler:LogFormat (UnityEngine.LogType,UnityEngine.Object,string,object[])
UnityEngine.Logger:Log (UnityEngine.LogType,object)
UnityEngine.Debug:Log (object)
Wave.Essence.Interaction.Mode.Editor.InteractionModeManagerSettings:.cctor () (at Assets/Wave/Essence/Interaction/Mode/4.0.0-r.28/Editor/InteractionModeManagerEditor.cs:54)
System.Runtime.CompilerServices.RuntimeHelpers:RunClassConstructor (System.RuntimeTypeHandle)
UnityEditor.EditorAssemblies:ProcessInitializeOnLoadAttributes (System.Type[])

(Filename: Assets/Wave/Essence/Interaction/Mode/4.0.0-r.28/Editor/InteractionModeManagerEditor.cs Line: 54)

PackageInfo()
UnityEngine.StackTraceUtility:ExtractStackTrace ()
UnityEngine.DebugLogHandler:LogFormat (UnityEngine.LogType,UnityEngine.Object,string,object[])
UnityEngine.Logger:Log (UnityEngine.LogType,object)
UnityEngine.Debug:Log (object)
Wave.Essence.Editor.PackageInfo:.cctor () (at Library/PackageCache/com.htc.upm.wave.essence@4.0.0-r.28/Editor/EssenceSettingsProvider.cs:666)
System.Runtime.CompilerServices.RuntimeHelpers:RunClassConstructor (System.RuntimeTypeHandle)
UnityEditor.EditorAssemblies:ProcessInitializeOnLoadAttributes (System.Type[])

(Filename: Library/PackageCache/com.htc.upm.wave.essence@4.0.0-r.28/Editor/EssenceSettingsProvider.cs Line: 666)

Invoked RoslynAnalysisRunner static constructor.
RoslynAnalysisRunner will not be running.
RoslynAnalysisRunner has terminated.
NullReferenceException: Object reference not set to an instance of an object
  at Unity.XR.Oculus.OculusLoader.AssetPathToAbsolutePath (System.String assetPath) [0x00048] in D:\Projekty\Unity\VE2021\Library\PackageCache\com.unity.xr.oculus@1.8.1\Runtime\OculusLoader.cs:243 
  at Unity.XR.Oculus.OculusLoader.EditorLoadOVRPlugin () [0x0007b] in D:\Projekty\Unity\VE2021\Library\PackageCache\com.unity.xr.oculus@1.8.1\Runtime\OculusLoader.cs:228 

(Filename: Library/PackageCache/com.unity.xr.oculus@1.8.1/Runtime/OculusLoader.cs Line: 243)

Mono: successfully reloaded assembly
- Completed reload, in  0.981 seconds
Platform modules already initialized, skipping
Switching build target platform(5) subTarget(0) extendedPlatform(0) -> platform(13) subTarget(524288) extendedPlatform(0)
Refreshing native plugins compatible for Editor in 0.97 ms, found 18 plugins.
Preloading 2 native plugins for Editor in 0.09 ms.
Unloading 2256 Unused Serialized files (Serialized files now loaded: 0)
System memory in use before: 100.5 MB.
System memory in use after: 99.9 MB.

Unloading 31 unused Assets to reduce memory usage. Loaded Objects now: 2785.
Total: 3.180200 ms (FindLiveObjects: 0.283900 ms CreateObjectMapping: 0.120000 ms MarkObjects: 2.279400 ms  DeleteObjects: 0.495700 ms)

AssetImportParameters requested are different than current active one (requested -> active):
  custom:graphics/normal-map-encoding: 01000000000000000000000000000000 -> 02000000000000000000000000000000
========================================================================
Received Import Request.
  Time since last request: 306.978539 seconds.
  path: Assets/Models/cube.fbx
  artifactKey: Guid(0696205f1f7108d4fa6e08c7b208bc1d) Importer(815301076,1909f56bfc062723c751e8b465ee728b)
Start importing Assets/Models/cube.fbx using Guid(0696205f1f7108d4fa6e08c7b208bc1d) Importer(815301076,1909f56bfc062723c751e8b465ee728b)  -> (artifact id: '4ddac375396c467f60c5b0c4e3d309bc') in 0.263074 seconds
  Import took 0.277191 seconds .

========================================================================
Received Prepare
Refreshing native plugins compatible for Editor in 7.29 ms, found 18 plugins.
Preloading 2 native plugins for Editor in 0.14 ms.
Unloading 28 Unused Serialized files (Serialized files now loaded: 0)
System memory in use before: 57.3 MB.
System memory in use after: 56.7 MB.

Unloading 29 unused Assets to reduce memory usage. Loaded Objects now: 2794.
Total: 4.285500 ms (FindLiveObjects: 0.249100 ms CreateObjectMapping: 0.096300 ms MarkObjects: 3.312700 ms  DeleteObjects: 0.626100 ms)

========================================================================
Received Prepare
Refreshing native plugins compatible for Editor in 6.07 ms, found 18 plugins.
Preloading 2 native plugins for Editor in 0.10 ms.
Unloading 28 Unused Serialized files (Serialized files now loaded: 0)
System memory in use before: 57.3 MB.
System memory in use after: 56.7 MB.

Unloading 28 unused Assets to reduce memory usage. Loaded Objects now: 2794.
Total: 4.005200 ms (FindLiveObjects: 0.284800 ms CreateObjectMapping: 0.113600 ms MarkObjects: 3.064700 ms  DeleteObjects: 0.540300 ms)

========================================================================
Received Import Request.
  Time since last request: 1750.395198 seconds.
  path: Assets/Prefabs/LeverComplete.prefab
  artifactKey: Guid(279a31b975510a54b85fb4b770aaa064) Importer(815301076,1909f56bfc062723c751e8b465ee728b)
Start importing Assets/Prefabs/LeverComplete.prefab using Guid(279a31b975510a54b85fb4b770aaa064) Importer(815301076,1909f56bfc062723c751e8b465ee728b)  -> (artifact id: '033fba5c18b1751e3fe59919820d10e9') in 0.082353 seconds
  Import took 0.108665 seconds .

========================================================================
Received Prepare
Refreshing native plugins compatible for Editor in 4.52 ms, found 18 plugins.
Preloading 2 native plugins for Editor in 0.08 ms.
Unloading 28 Unused Serialized files (Serialized files now loaded: 0)
System memory in use before: 58.1 MB.
System memory in use after: 57.5 MB.

Unloading 28 unused Assets to reduce memory usage. Loaded Objects now: 2794.
Total: 5.337000 ms (FindLiveObjects: 0.566400 ms CreateObjectMapping: 0.256700 ms MarkObjects: 3.786300 ms  DeleteObjects: 0.725800 ms)

========================================================================
Received Prepare
Registering precompiled user dll's ...
Registered in 1.625835 seconds.
Begin MonoManager ReloadAssembly
Native extension for WindowsStandalone target not found
Refreshing native plugins compatible for Editor in 0.90 ms, found 18 plugins.
Preloading 2 native plugins for Editor in 0.09 ms.
InteractionModeManagerSettings() registered EditorSceneManager.sceneOpened.
UnityEngine.StackTraceUtility:ExtractStackTrace ()
UnityEngine.DebugLogHandler:LogFormat (UnityEngine.LogType,UnityEngine.Object,string,object[])
UnityEngine.Logger:Log (UnityEngine.LogType,object)
UnityEngine.Debug:Log (object)
Wave.Essence.Interaction.Mode.Editor.InteractionModeManagerSettings:.cctor () (at Assets/Wave/Essence/Interaction/Mode/4.0.0-r.28/Editor/InteractionModeManagerEditor.cs:54)
System.Runtime.CompilerServices.RuntimeHelpers:RunClassConstructor (System.RuntimeTypeHandle)
UnityEditor.EditorAssemblies:ProcessInitializeOnLoadAttributes (System.Type[])

(Filename: Assets/Wave/Essence/Interaction/Mode/4.0.0-r.28/Editor/InteractionModeManagerEditor.cs Line: 54)

PackageInfo()
UnityEngine.StackTraceUtility:ExtractStackTrace ()
UnityEngine.DebugLogHandler:LogFormat (UnityEngine.LogType,UnityEngine.Object,string,object[])
UnityEngine.Logger:Log (UnityEngine.LogType,object)
UnityEngine.Debug:Log (object)
Wave.Essence.Editor.PackageInfo:.cctor () (at Library/PackageCache/com.htc.upm.wave.essence@4.0.0-r.28/Editor/EssenceSettingsProvider.cs:666)
System.Runtime.CompilerServices.RuntimeHelpers:RunClassConstructor (System.RuntimeTypeHandle)
UnityEditor.EditorAssemblies:ProcessInitializeOnLoadAttributes (System.Type[])

(Filename: Library/PackageCache/com.htc.upm.wave.essence@4.0.0-r.28/Editor/EssenceSettingsProvider.cs Line: 666)

Invoked RoslynAnalysisRunner static constructor.
RoslynAnalysisRunner will not be running.
RoslynAnalysisRunner has terminated.
NullReferenceException: Object reference not set to an instance of an object
  at Unity.XR.Oculus.OculusLoader.AssetPathToAbsolutePath (System.String assetPath) [0x00048] in D:\Projekty\Unity\VE2021\Library\PackageCache\com.unity.xr.oculus@1.8.1\Runtime\OculusLoader.cs:243 
  at Unity.XR.Oculus.OculusLoader.EditorLoadOVRPlugin () [0x0007b] in D:\Projekty\Unity\VE2021\Library\PackageCache\com.unity.xr.oculus@1.8.1\Runtime\OculusLoader.cs:228 

(Filename: Library/PackageCache/com.unity.xr.oculus@1.8.1/Runtime/OculusLoader.cs Line: 243)

Mono: successfully reloaded assembly
- Completed reload, in  1.097 seconds
Platform modules already initialized, skipping
Switching build target platform(5) subTarget(0) extendedPlatform(0) -> platform(13) subTarget(524288) extendedPlatform(0)
Refreshing native plugins compatible for Editor in 1.11 ms, found 18 plugins.
Preloading 2 native plugins for Editor in 0.10 ms.
Unloading 2256 Unused Serialized files (Serialized files now loaded: 0)
System memory in use before: 100.7 MB.
System memory in use after: 100.1 MB.

Unloading 31 unused Assets to reduce memory usage. Loaded Objects now: 2798.
Total: 3.615300 ms (FindLiveObjects: 0.329900 ms CreateObjectMapping: 0.165100 ms MarkObjects: 2.486400 ms  DeleteObjects: 0.632700 ms)

AssetImportParameters requested are different than current active one (requested -> active):
  custom:graphics/normal-map-encoding: 01000000000000000000000000000000 -> 02000000000000000000000000000000
========================================================================
Received Import Request.
  Time since last request: 341.331661 seconds.
  path: Assets/Prefabs/LeverComplete.prefab
  artifactKey: Guid(279a31b975510a54b85fb4b770aaa064) Importer(815301076,1909f56bfc062723c751e8b465ee728b)
Start importing Assets/Prefabs/LeverComplete.prefab using Guid(279a31b975510a54b85fb4b770aaa064) Importer(815301076,1909f56bfc062723c751e8b465ee728b)  -> (artifact id: 'ae4313eef4807937d3ba64d8fa0e1993') in 0.111152 seconds
  Import took 0.115259 seconds .

========================================================================
Received Prepare
Registering precompiled user dll's ...
Registered in 0.005716 seconds.
Begin MonoManager ReloadAssembly
Native extension for WindowsStandalone target not found
Refreshing native plugins compatible for Editor in 0.87 ms, found 18 plugins.
Preloading 2 native plugins for Editor in 0.09 ms.
InteractionModeManagerSettings() registered EditorSceneManager.sceneOpened.
UnityEngine.StackTraceUtility:ExtractStackTrace ()
UnityEngine.DebugLogHandler:LogFormat (UnityEngine.LogType,UnityEngine.Object,string,object[])
UnityEngine.Logger:Log (UnityEngine.LogType,object)
UnityEngine.Debug:Log (object)
Wave.Essence.Interaction.Mode.Editor.InteractionModeManagerSettings:.cctor () (at Assets/Wave/Essence/Interaction/Mode/4.0.0-r.28/Editor/InteractionModeManagerEditor.cs:54)
System.Runtime.CompilerServices.RuntimeHelpers:RunClassConstructor (System.RuntimeTypeHandle)
UnityEditor.EditorAssemblies:ProcessInitializeOnLoadAttributes (System.Type[])

(Filename: Assets/Wave/Essence/Interaction/Mode/4.0.0-r.28/Editor/InteractionModeManagerEditor.cs Line: 54)

PackageInfo()
UnityEngine.StackTraceUtility:ExtractStackTrace ()
UnityEngine.DebugLogHandler:LogFormat (UnityEngine.LogType,UnityEngine.Object,string,object[])
UnityEngine.Logger:Log (UnityEngine.LogType,object)
UnityEngine.Debug:Log (object)
Wave.Essence.Editor.PackageInfo:.cctor () (at Library/PackageCache/com.htc.upm.wave.essence@4.0.0-r.28/Editor/EssenceSettingsProvider.cs:666)
System.Runtime.CompilerServices.RuntimeHelpers:RunClassConstructor (System.RuntimeTypeHandle)
UnityEditor.EditorAssemblies:ProcessInitializeOnLoadAttributes (System.Type[])

(Filename: Library/PackageCache/com.htc.upm.wave.essence@4.0.0-r.28/Editor/EssenceSettingsProvider.cs Line: 666)

Invoked RoslynAnalysisRunner static constructor.
RoslynAnalysisRunner will not be running.
RoslynAnalysisRunner has terminated.
NullReferenceException: Object reference not set to an instance of an object
  at Unity.XR.Oculus.OculusLoader.AssetPathToAbsolutePath (System.String assetPath) [0x00048] in D:\Projekty\Unity\VE2021\Library\PackageCache\com.unity.xr.oculus@1.8.1\Runtime\OculusLoader.cs:243 
  at Unity.XR.Oculus.OculusLoader.EditorLoadOVRPlugin () [0x0007b] in D:\Projekty\Unity\VE2021\Library\PackageCache\com.unity.xr.oculus@1.8.1\Runtime\OculusLoader.cs:228 

(Filename: Library/PackageCache/com.unity.xr.oculus@1.8.1/Runtime/OculusLoader.cs Line: 243)

Mono: successfully reloaded assembly
- Completed reload, in  0.867 seconds
Platform modules already initialized, skipping
Switching build target platform(5) subTarget(0) extendedPlatform(0) -> platform(13) subTarget(524288) extendedPlatform(0)
Refreshing native plugins compatible for Editor in 0.89 ms, found 18 plugins.
Preloading 2 native plugins for Editor in 0.09 ms.
Unloading 2256 Unused Serialized files (Serialized files now loaded: 0)
System memory in use before: 100.8 MB.
System memory in use after: 100.2 MB.

Unloading 31 unused Assets to reduce memory usage. Loaded Objects now: 2803.
Total: 2.871900 ms (FindLiveObjects: 0.276600 ms CreateObjectMapping: 0.116500 ms MarkObjects: 1.949700 ms  DeleteObjects: 0.528000 ms)

AssetImportParameters requested are different than current active one (requested -> active):
  custom:graphics/normal-map-encoding: 01000000000000000000000000000000 -> 02000000000000000000000000000000
========================================================================
Received Import Request.
  Time since last request: 39.889832 seconds.
  path: Assets/Prefabs/LeverComplete.prefab
  artifactKey: Guid(279a31b975510a54b85fb4b770aaa064) Importer(815301076,1909f56bfc062723c751e8b465ee728b)
Start importing Assets/Prefabs/LeverComplete.prefab using Guid(279a31b975510a54b85fb4b770aaa064) Importer(815301076,1909f56bfc062723c751e8b465ee728b)  -> (artifact id: 'b32dab6815f85c4e85c8363b5fc711d0') in 0.075139 seconds
  Import took 0.078610 seconds .

========================================================================
Received Import Request.
  Time since last request: 6.163268 seconds.
  path: Assets/Prefabs/LeverComplete.prefab
  artifactKey: Guid(279a31b975510a54b85fb4b770aaa064) Importer(815301076,1909f56bfc062723c751e8b465ee728b)
Start importing Assets/Prefabs/LeverComplete.prefab using Guid(279a31b975510a54b85fb4b770aaa064) Importer(815301076,1909f56bfc062723c751e8b465ee728b)  -> (artifact id: 'f6aab433bb3d28255e29cc504d7d3d4a') in 0.007628 seconds
  Import took 0.012155 seconds .

========================================================================
Received Prepare
Registering precompiled user dll's ...
Registered in 0.005278 seconds.
Begin MonoManager ReloadAssembly
Native extension for WindowsStandalone target not found
Refreshing native plugins compatible for Editor in 1.02 ms, found 18 plugins.
Preloading 2 native plugins for Editor in 0.11 ms.
InteractionModeManagerSettings() registered EditorSceneManager.sceneOpened.
UnityEngine.StackTraceUtility:ExtractStackTrace ()
UnityEngine.DebugLogHandler:LogFormat (UnityEngine.LogType,UnityEngine.Object,string,object[])
UnityEngine.Logger:Log (UnityEngine.LogType,object)
UnityEngine.Debug:Log (object)
Wave.Essence.Interaction.Mode.Editor.InteractionModeManagerSettings:.cctor () (at Assets/Wave/Essence/Interaction/Mode/4.0.0-r.28/Editor/InteractionModeManagerEditor.cs:54)
System.Runtime.CompilerServices.RuntimeHelpers:RunClassConstructor (System.RuntimeTypeHandle)
UnityEditor.EditorAssemblies:ProcessInitializeOnLoadAttributes (System.Type[])

(Filename: Assets/Wave/Essence/Interaction/Mode/4.0.0-r.28/Editor/InteractionModeManagerEditor.cs Line: 54)

PackageInfo()
UnityEngine.StackTraceUtility:ExtractStackTrace ()
UnityEngine.DebugLogHandler:LogFormat (UnityEngine.LogType,UnityEngine.Object,string,object[])
UnityEngine.Logger:Log (UnityEngine.LogType,object)
UnityEngine.Debug:Log (object)
Wave.Essence.Editor.PackageInfo:.cctor () (at Library/PackageCache/com.htc.upm.wave.essence@4.0.0-r.28/Editor/EssenceSettingsProvider.cs:666)
System.Runtime.CompilerServices.RuntimeHelpers:RunClassConstructor (System.RuntimeTypeHandle)
UnityEditor.EditorAssemblies:ProcessInitializeOnLoadAttributes (System.Type[])

(Filename: Library/PackageCache/com.htc.upm.wave.essence@4.0.0-r.28/Editor/EssenceSettingsProvider.cs Line: 666)

Invoked RoslynAnalysisRunner static constructor.
RoslynAnalysisRunner will not be running.
RoslynAnalysisRunner has terminated.
NullReferenceException: Object reference not set to an instance of an object
  at Unity.XR.Oculus.OculusLoader.AssetPathToAbsolutePath (System.String assetPath) [0x00048] in D:\Projekty\Unity\VE2021\Library\PackageCache\com.unity.xr.oculus@1.8.1\Runtime\OculusLoader.cs:243 
  at Unity.XR.Oculus.OculusLoader.EditorLoadOVRPlugin () [0x0007b] in D:\Projekty\Unity\VE2021\Library\PackageCache\com.unity.xr.oculus@1.8.1\Runtime\OculusLoader.cs:228 

(Filename: Library/PackageCache/com.unity.xr.oculus@1.8.1/Runtime/OculusLoader.cs Line: 243)

Mono: successfully reloaded assembly
- Completed reload, in  0.896 seconds
Platform modules already initialized, skipping
Switching build target platform(5) subTarget(0) extendedPlatform(0) -> platform(13) subTarget(524288) extendedPlatform(0)
Refreshing native plugins compatible for Editor in 0.86 ms, found 18 plugins.
Preloading 2 native plugins for Editor in 0.08 ms.
Unloading 2256 Unused Serialized files (Serialized files now loaded: 0)
System memory in use before: 100.8 MB.
System memory in use after: 100.2 MB.

Unloading 31 unused Assets to reduce memory usage. Loaded Objects now: 2808.
Total: 4.467000 ms (FindLiveObjects: 0.432000 ms CreateObjectMapping: 0.154500 ms MarkObjects: 3.099400 ms  DeleteObjects: 0.779000 ms)

AssetImportParameters requested are different than current active one (requested -> active):
  custom:graphics/normal-map-encoding: 01000000000000000000000000000000 -> 02000000000000000000000000000000
========================================================================
Received Import Request.
  Time since last request: 29.331980 seconds.
  path: Assets/Prefabs/LeverComplete.prefab
  artifactKey: Guid(279a31b975510a54b85fb4b770aaa064) Importer(815301076,1909f56bfc062723c751e8b465ee728b)
Start importing Assets/Prefabs/LeverComplete.prefab using Guid(279a31b975510a54b85fb4b770aaa064) Importer(815301076,1909f56bfc062723c751e8b465ee728b)  -> (artifact id: 'de658a6d6e671aa565bda5afc451d991') in 0.073749 seconds
  Import took 0.077783 seconds .

========================================================================
Received Import Request.
  Time since last request: 7.617055 seconds.
  path: Assets/Prefabs/LeverComplete.prefab
  artifactKey: Guid(279a31b975510a54b85fb4b770aaa064) Importer(815301076,1909f56bfc062723c751e8b465ee728b)
Start importing Assets/Prefabs/LeverComplete.prefab using Guid(279a31b975510a54b85fb4b770aaa064) Importer(815301076,1909f56bfc062723c751e8b465ee728b)  -> (artifact id: '34c58e5384fb3a0c446a49684a7020fe') in 0.008604 seconds
  Import took 0.012895 seconds .

========================================================================
Received Prepare
Registering precompiled user dll's ...
Registered in 0.005639 seconds.
Begin MonoManager ReloadAssembly
Native extension for WindowsStandalone target not found
Refreshing native plugins compatible for Editor in 1.15 ms, found 18 plugins.
Preloading 2 native plugins for Editor in 0.10 ms.
InteractionModeManagerSettings() registered EditorSceneManager.sceneOpened.
UnityEngine.StackTraceUtility:ExtractStackTrace ()
UnityEngine.DebugLogHandler:LogFormat (UnityEngine.LogType,UnityEngine.Object,string,object[])
UnityEngine.Logger:Log (UnityEngine.LogType,object)
UnityEngine.Debug:Log (object)
Wave.Essence.Interaction.Mode.Editor.InteractionModeManagerSettings:.cctor () (at Assets/Wave/Essence/Interaction/Mode/4.0.0-r.28/Editor/InteractionModeManagerEditor.cs:54)
System.Runtime.CompilerServices.RuntimeHelpers:RunClassConstructor (System.RuntimeTypeHandle)
UnityEditor.EditorAssemblies:ProcessInitializeOnLoadAttributes (System.Type[])

(Filename: Assets/Wave/Essence/Interaction/Mode/4.0.0-r.28/Editor/InteractionModeManagerEditor.cs Line: 54)

PackageInfo()
UnityEngine.StackTraceUtility:ExtractStackTrace ()
UnityEngine.DebugLogHandler:LogFormat (UnityEngine.LogType,UnityEngine.Object,string,object[])
UnityEngine.Logger:Log (UnityEngine.LogType,object)
UnityEngine.Debug:Log (object)
Wave.Essence.Editor.PackageInfo:.cctor () (at Library/PackageCache/com.htc.upm.wave.essence@4.0.0-r.28/Editor/EssenceSettingsProvider.cs:666)
System.Runtime.CompilerServices.RuntimeHelpers:RunClassConstructor (System.RuntimeTypeHandle)
UnityEditor.EditorAssemblies:ProcessInitializeOnLoadAttributes (System.Type[])

(Filename: Library/PackageCache/com.htc.upm.wave.essence@4.0.0-r.28/Editor/EssenceSettingsProvider.cs Line: 666)

Invoked RoslynAnalysisRunner static constructor.
RoslynAnalysisRunner will not be running.
RoslynAnalysisRunner has terminated.
NullReferenceException: Object reference not set to an instance of an object
  at Unity.XR.Oculus.OculusLoader.AssetPathToAbsolutePath (System.String assetPath) [0x00048] in D:\Projekty\Unity\VE2021\Library\PackageCache\com.unity.xr.oculus@1.8.1\Runtime\OculusLoader.cs:243 
  at Unity.XR.Oculus.OculusLoader.EditorLoadOVRPlugin () [0x0007b] in D:\Projekty\Unity\VE2021\Library\PackageCache\com.unity.xr.oculus@1.8.1\Runtime\OculusLoader.cs:228 

(Filename: Library/PackageCache/com.unity.xr.oculus@1.8.1/Runtime/OculusLoader.cs Line: 243)

Mono: successfully reloaded assembly
- Completed reload, in  1.012 seconds
Platform modules already initialized, skipping
Switching build target platform(5) subTarget(0) extendedPlatform(0) -> platform(13) subTarget(524288) extendedPlatform(0)
Refreshing native plugins compatible for Editor in 2.05 ms, found 18 plugins.
Preloading 2 native plugins for Editor in 0.13 ms.
Unloading 2256 Unused Serialized files (Serialized files now loaded: 0)
System memory in use before: 100.8 MB.
System memory in use after: 100.2 MB.

Unloading 31 unused Assets to reduce memory usage. Loaded Objects now: 2813.
Total: 3.128600 ms (FindLiveObjects: 0.321000 ms CreateObjectMapping: 0.143200 ms MarkObjects: 2.134100 ms  DeleteObjects: 0.528900 ms)

AssetImportParameters requested are different than current active one (requested -> active):
  custom:graphics/normal-map-encoding: 01000000000000000000000000000000 -> 02000000000000000000000000000000
========================================================================
Received Prepare
Refreshing native plugins compatible for Editor in 5.84 ms, found 18 plugins.
Preloading 2 native plugins for Editor in 0.10 ms.
Unloading 28 Unused Serialized files (Serialized files now loaded: 0)
System memory in use before: 57.1 MB.
System memory in use after: 56.5 MB.

Unloading 28 unused Assets to reduce memory usage. Loaded Objects now: 2813.
Total: 2.878800 ms (FindLiveObjects: 0.245700 ms CreateObjectMapping: 0.098000 ms MarkObjects: 1.986300 ms  DeleteObjects: 0.547400 ms)

AssetImportWorkerClient::OnTransportError - code=2 error=End of file
